<?xml version="1.0" encoding="UTF-8"?>
<!-- Generated by org.testng.reporters.JUnitXMLReporter -->
<testsuite hostname="Naumans-PC" ignored="0" name="Regression Test" tests="2" failures="0" timestamp="2022-12-13T21:50:44 GMT" time="13.248" errors="0">
  <testcase name="userShouldNavigateToLoginPageSuccessfully" time="2.418" classname="com.ultimateqa.courses.testsuite.HomePageTest"/>
  <testcase name="verifyTheErrorMessage" time="2.039" classname="com.ultimateqa.courses.testsuite.LoginPageTest"/>
</testsuite> <!-- Regression Test -->
